[debug] [2022-02-21T17:07:50.908Z] ----------------------------------------------------------------------
[debug] [2022-02-21T17:07:50.911Z] Command:       C:\Program Files\nodejs\node.exe C:\Users\roro.putri\AppData\Roaming\npm\node_modules\firebase-tools\lib\bin\firebase.js init
[debug] [2022-02-21T17:07:50.911Z] CLI Version:   10.2.1
[debug] [2022-02-21T17:07:50.911Z] Platform:      win32
[debug] [2022-02-21T17:07:50.911Z] Node Version:  v14.17.3
[debug] [2022-02-21T17:07:50.912Z] Time:          Tue Feb 22 2022 00:07:50 GMT+0700 (Indochina Time)
[debug] [2022-02-21T17:07:50.913Z] ----------------------------------------------------------------------
[debug] 
[debug] [2022-02-21T17:07:50.999Z] > command requires scopes: ["email","openid","https://www.googleapis.com/auth/cloudplatformprojects.readonly","https://www.googleapis.com/auth/firebase","https://www.googleapis.com/auth/cloud-platform"]
[debug] [2022-02-21T17:07:51.000Z] > authorizing via signed-in user (daniela.putri28@gmail.com)
[info] 
     ######## #### ########  ######## ########     ###     ######  ########
     ##        ##  ##     ## ##       ##     ##  ##   ##  ##       ##
     ######    ##  ########  ######   ########  #########  ######  ######
     ##        ##  ##    ##  ##       ##     ## ##     ##       ## ##
     ##       #### ##     ## ######## ########  ##     ##  ######  ########

You're about to initialize a Firebase project in this directory:

  D:\efishery

Before we get started, keep in mind:

  * You are initializing within an existing Firebase project directory

